<?xml version="1.0" encoding="UTF-8"?>
<testng-results ignored="0" total="1" passed="1" failed="0" skipped="0">
  <reporter-output>
  </reporter-output>
  <suite started-at="2021-07-31T04:19:33Z" name="Default suite" finished-at="2021-07-31T04:19:41Z" duration-ms="7611">
    <groups>
    </groups>
    <test started-at="2021-07-31T04:19:33Z" name="Default test" finished-at="2021-07-31T04:19:41Z" duration-ms="7611">
      <class name="com.project.test.TestLogout">
        <test-method is-config="true" signature="setUp()[pri:0, instance:com.project.test.TestLogout@73a8da0f]" started-at="2021-07-31T04:19:33Z" name="setUp" finished-at="2021-07-31T04:19:35Z" duration-ms="1940" status="PASS">
          <reporter-output>
          </reporter-output>
        </test-method> <!-- setUp -->
        <test-method signature="test()[pri:0, instance:com.project.test.TestLogout@73a8da0f]" started-at="2021-07-31T04:19:35Z" name="test" finished-at="2021-07-31T04:19:40Z" duration-ms="4884" status="PASS">
          <reporter-output>
          </reporter-output>
        </test-method> <!-- test -->
        <test-method is-config="true" signature="tearDown()[pri:0, instance:com.project.test.TestLogout@73a8da0f]" started-at="2021-07-31T04:19:40Z" name="tearDown" finished-at="2021-07-31T04:19:41Z" duration-ms="761" status="PASS">
          <reporter-output>
          </reporter-output>
        </test-method> <!-- tearDown -->
      </class> <!-- com.project.test.TestLogout -->
    </test> <!-- Default test -->
  </suite> <!-- Default suite -->
</testng-results>
